<?xml version="1.0" encoding="UTF-8"?>
<!-- Generated by org.testng.reporters.JUnitReportReporter -->
<testsuite hostname="LAPTOP-G4FQ34GB" failures="0" tests="1" name="testCases.TC_001HomepageTest" time="3.697" errors="0" timestamp="2025-10-02T13:24:26 IST" skipped="0">
  <testcase classname="testCases.TC_001HomepageTest" name="varify_Account_registration" time="3.697"/>
</testsuite> <!-- testCases.TC_001HomepageTest -->
