<?xml version="1.0" encoding="UTF-8"?>
<!-- Generated by org.testng.reporters.JUnitReportReporter -->
<testsuite hostname="LAPTOP-G4FQ34GB" failures="0" tests="2" name="testCases.TC002_loginTest" time="3.970" errors="0" timestamp="2025-10-19T16:20:28 IST" skipped="0">
  <testcase classname="testCases.TC002_loginTest" name="varify_login" time="1.716"/>
  <testcase classname="testCases.TC002_loginTest" name="varify_login" time="2.254"/>
</testsuite> <!-- testCases.TC002_loginTest -->
