<?xml version="1.0" encoding="UTF-8"?>
<!-- Generated by org.testng.reporters.JUnitReportReporter -->
<testsuite hostname="LAPTOP-G4FQ34GB" failures="0" tests="1" name="testCases.TC001_Account_RegisterationTest" time="2.662" errors="0" timestamp="2025-10-23T14:43:53 IST" skipped="0">
  <testcase classname="testCases.TC001_Account_RegisterationTest" name="varify_Account_registration" time="2.662"/>
</testsuite> <!-- testCases.TC001_Account_RegisterationTest -->
