<?xml version="1.0" encoding="UTF-8"?>
<!-- Generated by org.testng.reporters.JUnitReportReporter -->
<testsuite hostname="LAPTOP-G4FQ34GB" failures="0" tests="1" name="testCases.TC002_loginTest" time="2.205" errors="0" timestamp="2025-10-20T07:53:07 IST" skipped="0">
  <testcase classname="testCases.TC002_loginTest" name="varify_login" time="2.205"/>
</testsuite> <!-- testCases.TC002_loginTest -->
